<?xml version="1.0" encoding="UTF-8"?>
<!-- Generated by org.testng.reporters.JUnitReportReporter -->
<testsuite skipped="9" hostname="PF1QDEC8" name="com.projects.activities.testCases.TC_ProgramPriorityTest_002" tests="10" failures="0" timestamp="23 Oct 2019 22:20:41 GMT" time="0.000" errors="1">
  <testcase name="validateProgramRankMix" time="0.000" classname="com.projects.activities.testCases.TC_ProgramPriorityTest_002">
    <skipped/>
  </testcase> <!-- validateProgramRankMix -->
  <testcase name="validateProgramEffectiveDate" time="0.000" classname="com.projects.activities.testCases.TC_ProgramPriorityTest_002">
    <skipped/>
  </testcase> <!-- validateProgramEffectiveDate -->
  <testcase name="validateProgramExpireDate" time="0.000" classname="com.projects.activities.testCases.TC_ProgramPriorityTest_002">
    <skipped/>
  </testcase> <!-- validateProgramExpireDate -->
  <testcase name="setup" time="0.000" classname="com.projects.activities.testCases.TC_ProgramPriorityTest_002">
    <error type="org.testng.TestNGException" message="
Parameter &#039;browser&#039; is required by BeforeMethod on method setup but has not been marked @Optional or defined
in C:\Users\mohammad.parvez\AppData\Local\Temp\testng-eclipse-1967904089\testng-customsuite.xml">
      <![CDATA[org.testng.TestNGException: 
Parameter 'browser' is required by BeforeMethod on method setup but has not been marked @Optional or defined
in C:\Users\mohammad.parvez\AppData\Local\Temp\testng-eclipse-1967904089\testng-customsuite.xml
at org.testng.internal.Parameters.createParams(Parameters.java:290)
at org.testng.internal.Parameters.createParametersForMethod(Parameters.java:359)
at org.testng.internal.Parameters.createParameters(Parameters.java:620)
at org.testng.internal.Parameters.createConfigurationParameters(Parameters.java:190)
at org.testng.internal.Invoker.invokeConfigurations(Invoker.java:209)
at org.testng.internal.Invoker.invokeMethod(Invoker.java:523)
at org.testng.internal.Invoker.invokeTestMethod(Invoker.java:719)
at org.testng.internal.Invoker.invokeTestMethods(Invoker.java:989)
at org.testng.internal.TestMethodWorker.invokeTestMethods(TestMethodWorker.java:125)
at org.testng.internal.TestMethodWorker.run(TestMethodWorker.java:109)
at org.testng.TestRunner.privateRun(TestRunner.java:648)
at org.testng.TestRunner.run(TestRunner.java:505)
at org.testng.SuiteRunner.runTest(SuiteRunner.java:455)
at org.testng.SuiteRunner.runSequentially(SuiteRunner.java:450)
at org.testng.SuiteRunner.privateRun(SuiteRunner.java:415)
at org.testng.SuiteRunner.run(SuiteRunner.java:364)
at org.testng.SuiteRunnerWorker.runSuite(SuiteRunnerWorker.java:52)
at org.testng.SuiteRunnerWorker.run(SuiteRunnerWorker.java:84)
at org.testng.TestNG.runSuitesSequentially(TestNG.java:1208)
at org.testng.TestNG.runSuitesLocally(TestNG.java:1137)
at org.testng.TestNG.runSuites(TestNG.java:1049)
at org.testng.TestNG.run(TestNG.java:1017)
at org.testng.remote.AbstractRemoteTestNG.run(AbstractRemoteTestNG.java:114)
at org.testng.remote.RemoteTestNG.initAndRun(RemoteTestNG.java:251)
at org.testng.remote.RemoteTestNG.main(RemoteTestNG.java:77)
]]>
    </error>
  </testcase> <!-- setup -->
  <testcase name="validateProgramRecordDel" time="0.000" classname="com.projects.activities.testCases.TC_ProgramPriorityTest_002">
    <skipped/>
  </testcase> <!-- validateProgramRecordDel -->
  <testcase name="createProgramPriority" time="0.000" classname="com.projects.activities.testCases.TC_ProgramPriorityTest_002">
    <skipped/>
  </testcase> <!-- createProgramPriority -->
  <testcase name="validateProgramDel" time="0.000" classname="com.projects.activities.testCases.TC_ProgramPriorityTest_002">
    <skipped/>
  </testcase> <!-- validateProgramDel -->
  <testcase name="validateProgramExpireDatePast" time="0.000" classname="com.projects.activities.testCases.TC_ProgramPriorityTest_002">
    <skipped/>
  </testcase> <!-- validateProgramExpireDatePast -->
  <testcase name="validateProgramRank" time="0.000" classname="com.projects.activities.testCases.TC_ProgramPriorityTest_002">
    <skipped/>
  </testcase> <!-- validateProgramRank -->
  <testcase name="validateProgramId" time="0.000" classname="com.projects.activities.testCases.TC_ProgramPriorityTest_002">
    <skipped/>
  </testcase> <!-- validateProgramId -->
</testsuite> <!-- com.projects.activities.testCases.TC_ProgramPriorityTest_002 -->
